<?xml version="1.0" encoding="UTF-8"?>
<!-- Generated by org.testng.reporters.JUnitReportReporter -->
<testsuite name="com.wbl.restApiAutomation.TestTwitterApi" tests="1" time="2.514" ignored="0" failures="0" timestamp="22 Apr 2017 04:13:04 GMT" skipped="0" hostname="DESKTOP-FDLFU72" errors="0">
  <testcase name="testGetAccountSettings" time="2.514" classname="com.wbl.restApiAutomation.TestTwitterApi"/>
</testsuite> <!-- com.wbl.restApiAutomation.TestTwitterApi -->
